0 verbose cli E:\Nodejs\node.exe E:\Nodejs\node_modules\npm\bin\npm-cli.js
1 info using npm@10.9.3
2 info using node@v22.19.0
3 silly config load:file:E:\Nodejs\node_modules\npm\npmrc
4 silly config load:file:E:\LearningWeb\learning-web\.npmrc
5 silly config load:file:C:\Users\ASUS\.npmrc
6 silly config load:file:E:\Nodejs\node_global\etc\npmrc
7 verbose title npm exec next@16.2.2 dev -p 3000
8 verbose argv "exec" "--yes" "--" "next@16.2.2" "dev" "-p" "3000"
9 verbose logfile logs-max:10 dir:E:\LearningWeb\.npm-cache\_logs\2026-04-01T15_58_59_265Z-
10 verbose logfile E:\LearningWeb\.npm-cache\_logs\2026-04-01T15_58_59_265Z-debug-0.log
11 silly logfile start cleaning logs, removing 1 files
12 silly logfile done cleaning log files
13 silly packumentCache heap:4345298944 maxSize:1086324736 maxEntrySize:543162368
14 verbose cwd E:\LearningWeb\learning-web
15 verbose os Windows_NT 10.0.26200
16 verbose node v22.19.0
17 verbose npm  v10.9.3
18 verbose exit 1
19 verbose code 1
